/home/li/ros2_ws/install/uwb5/lib/python3.10/site-packages/uwb5/UWBPlotter.py
/home/li/ros2_ws/install/uwb5/lib/python3.10/site-packages/uwb5/UWBDataAggregator.py
/home/li/ros2_ws/install/uwb5/lib/python3.10/site-packages/uwb5/UWBReceiver.py
/home/li/ros2_ws/install/uwb5/lib/python3.10/site-packages/uwb5/__init__.py
/home/li/ros2_ws/install/uwb5/lib/python3.10/site-packages/uwb5/UWBCalculator.py
/home/li/ros2_ws/install/uwb5/lib/python3.10/site-packages/uwb5/__pycache__/UWBPlotter.cpython-310.pyc
/home/li/ros2_ws/install/uwb5/lib/python3.10/site-packages/uwb5/__pycache__/UWBDataAggregator.cpython-310.pyc
/home/li/ros2_ws/install/uwb5/lib/python3.10/site-packages/uwb5/__pycache__/UWBReceiver.cpython-310.pyc
/home/li/ros2_ws/install/uwb5/lib/python3.10/site-packages/uwb5/__pycache__/__init__.cpython-310.pyc
/home/li/ros2_ws/install/uwb5/lib/python3.10/site-packages/uwb5/__pycache__/UWBCalculator.cpython-310.pyc
/home/li/ros2_ws/install/uwb5/share/ament_index/resource_index/packages/uwb5
/home/li/ros2_ws/install/uwb5/share/uwb5/package.xml
/home/li/ros2_ws/install/uwb5/lib/python3.10/site-packages/uwb5-0.0.0-py3.10.egg-info/PKG-INFO
/home/li/ros2_ws/install/uwb5/lib/python3.10/site-packages/uwb5-0.0.0-py3.10.egg-info/top_level.txt
/home/li/ros2_ws/install/uwb5/lib/python3.10/site-packages/uwb5-0.0.0-py3.10.egg-info/requires.txt
/home/li/ros2_ws/install/uwb5/lib/python3.10/site-packages/uwb5-0.0.0-py3.10.egg-info/dependency_links.txt
/home/li/ros2_ws/install/uwb5/lib/python3.10/site-packages/uwb5-0.0.0-py3.10.egg-info/SOURCES.txt
/home/li/ros2_ws/install/uwb5/lib/python3.10/site-packages/uwb5-0.0.0-py3.10.egg-info/zip-safe
/home/li/ros2_ws/install/uwb5/lib/python3.10/site-packages/uwb5-0.0.0-py3.10.egg-info/entry_points.txt
/home/li/ros2_ws/install/uwb5/lib/uwb5/UWBCalculator
/home/li/ros2_ws/install/uwb5/lib/uwb5/UWBDataAggregator
/home/li/ros2_ws/install/uwb5/lib/uwb5/UWBPlotter
/home/li/ros2_ws/install/uwb5/lib/uwb5/UWBReceiver
