running egg_info
creating ../../build/uwb4/uwb4.egg-info
writing ../../build/uwb4/uwb4.egg-info/PKG-INFO
writing dependency_links to ../../build/uwb4/uwb4.egg-info/dependency_links.txt
writing entry points to ../../build/uwb4/uwb4.egg-info/entry_points.txt
writing requirements to ../../build/uwb4/uwb4.egg-info/requires.txt
writing top-level names to ../../build/uwb4/uwb4.egg-info/top_level.txt
writing manifest file '../../build/uwb4/uwb4.egg-info/SOURCES.txt'
reading manifest file '../../build/uwb4/uwb4.egg-info/SOURCES.txt'
writing manifest file '../../build/uwb4/uwb4.egg-info/SOURCES.txt'
running build
running build_py
creating /home/li/ros2_ws/build/uwb4/build
creating /home/li/ros2_ws/build/uwb4/build/lib
creating /home/li/ros2_ws/build/uwb4/build/lib/uwb4
copying uwb4/UWBPlotter2.py -> /home/li/ros2_ws/build/uwb4/build/lib/uwb4
copying uwb4/UWBPlotter.py -> /home/li/ros2_ws/build/uwb4/build/lib/uwb4
copying uwb4/UWBDataAggregator.py -> /home/li/ros2_ws/build/uwb4/build/lib/uwb4
copying uwb4/UWBReceiver.py -> /home/li/ros2_ws/build/uwb4/build/lib/uwb4
copying uwb4/UWBCalculator2.py -> /home/li/ros2_ws/build/uwb4/build/lib/uwb4
copying uwb4/__init__.py -> /home/li/ros2_ws/build/uwb4/build/lib/uwb4
copying uwb4/UWBCalculator.py -> /home/li/ros2_ws/build/uwb4/build/lib/uwb4
running install
running install_lib
creating /home/li/ros2_ws/install/uwb4/lib/python3.10/site-packages/uwb4
copying /home/li/ros2_ws/build/uwb4/build/lib/uwb4/UWBPlotter2.py -> /home/li/ros2_ws/install/uwb4/lib/python3.10/site-packages/uwb4
copying /home/li/ros2_ws/build/uwb4/build/lib/uwb4/UWBPlotter.py -> /home/li/ros2_ws/install/uwb4/lib/python3.10/site-packages/uwb4
copying /home/li/ros2_ws/build/uwb4/build/lib/uwb4/UWBDataAggregator.py -> /home/li/ros2_ws/install/uwb4/lib/python3.10/site-packages/uwb4
copying /home/li/ros2_ws/build/uwb4/build/lib/uwb4/UWBReceiver.py -> /home/li/ros2_ws/install/uwb4/lib/python3.10/site-packages/uwb4
copying /home/li/ros2_ws/build/uwb4/build/lib/uwb4/UWBCalculator2.py -> /home/li/ros2_ws/install/uwb4/lib/python3.10/site-packages/uwb4
copying /home/li/ros2_ws/build/uwb4/build/lib/uwb4/__init__.py -> /home/li/ros2_ws/install/uwb4/lib/python3.10/site-packages/uwb4
copying /home/li/ros2_ws/build/uwb4/build/lib/uwb4/UWBCalculator.py -> /home/li/ros2_ws/install/uwb4/lib/python3.10/site-packages/uwb4
byte-compiling /home/li/ros2_ws/install/uwb4/lib/python3.10/site-packages/uwb4/UWBPlotter2.py to UWBPlotter2.cpython-310.pyc
byte-compiling /home/li/ros2_ws/install/uwb4/lib/python3.10/site-packages/uwb4/UWBPlotter.py to UWBPlotter.cpython-310.pyc
byte-compiling /home/li/ros2_ws/install/uwb4/lib/python3.10/site-packages/uwb4/UWBDataAggregator.py to UWBDataAggregator.cpython-310.pyc
byte-compiling /home/li/ros2_ws/install/uwb4/lib/python3.10/site-packages/uwb4/UWBReceiver.py to UWBReceiver.cpython-310.pyc
byte-compiling /home/li/ros2_ws/install/uwb4/lib/python3.10/site-packages/uwb4/UWBCalculator2.py to UWBCalculator2.cpython-310.pyc
byte-compiling /home/li/ros2_ws/install/uwb4/lib/python3.10/site-packages/uwb4/__init__.py to __init__.cpython-310.pyc
byte-compiling /home/li/ros2_ws/install/uwb4/lib/python3.10/site-packages/uwb4/UWBCalculator.py to UWBCalculator.cpython-310.pyc
running install_data
creating /home/li/ros2_ws/install/uwb4/share/ament_index
creating /home/li/ros2_ws/install/uwb4/share/ament_index/resource_index
creating /home/li/ros2_ws/install/uwb4/share/ament_index/resource_index/packages
copying resource/uwb4 -> /home/li/ros2_ws/install/uwb4/share/ament_index/resource_index/packages
copying package.xml -> /home/li/ros2_ws/install/uwb4/share/uwb4
running install_egg_info
Copying ../../build/uwb4/uwb4.egg-info to /home/li/ros2_ws/install/uwb4/lib/python3.10/site-packages/uwb4-0.0.0-py3.10.egg-info
running install_scripts
Installing UWBCalculator script to /home/li/ros2_ws/install/uwb4/lib/uwb4
Installing UWBCalculator2 script to /home/li/ros2_ws/install/uwb4/lib/uwb4
Installing UWBDataAggregator script to /home/li/ros2_ws/install/uwb4/lib/uwb4
Installing UWBPlotter script to /home/li/ros2_ws/install/uwb4/lib/uwb4
Installing UWBPlotter2 script to /home/li/ros2_ws/install/uwb4/lib/uwb4
Installing UWBReceiver script to /home/li/ros2_ws/install/uwb4/lib/uwb4
writing list of installed files to '/home/li/ros2_ws/build/uwb4/install.log'
