[0.783s] Invoking command in '/home/li/ros2_ws/src/uwb4': PYTHONPATH=/home/li/ros2_ws/build/uwb4/prefix_override:/usr/lib/python3/dist-packages/colcon_core/task/python/colcon_distutils_commands:/home/li/ros2_ws/install/uwb4/lib/python3.10/site-packages:${PYTHONPATH} /usr/bin/python3 -W ignore:setup.py install is deprecated setup.py egg_info --egg-base ../../build/uwb4 build --build-base /home/li/ros2_ws/build/uwb4/build install --record /home/li/ros2_ws/build/uwb4/install.log --single-version-externally-managed install_data
[0.945s] running egg_info
[0.946s] creating ../../build/uwb4/uwb4.egg-info
[0.946s] writing ../../build/uwb4/uwb4.egg-info/PKG-INFO
[0.946s] writing dependency_links to ../../build/uwb4/uwb4.egg-info/dependency_links.txt
[0.946s] writing entry points to ../../build/uwb4/uwb4.egg-info/entry_points.txt
[0.947s] writing requirements to ../../build/uwb4/uwb4.egg-info/requires.txt
[0.947s] writing top-level names to ../../build/uwb4/uwb4.egg-info/top_level.txt
[0.947s] writing manifest file '../../build/uwb4/uwb4.egg-info/SOURCES.txt'
[0.947s] reading manifest file '../../build/uwb4/uwb4.egg-info/SOURCES.txt'
[0.947s] writing manifest file '../../build/uwb4/uwb4.egg-info/SOURCES.txt'
[0.948s] running build
[0.948s] running build_py
[0.948s] creating /home/li/ros2_ws/build/uwb4/build
[0.948s] creating /home/li/ros2_ws/build/uwb4/build/lib
[0.948s] creating /home/li/ros2_ws/build/uwb4/build/lib/uwb4
[0.948s] copying uwb4/UWBPlotter2.py -> /home/li/ros2_ws/build/uwb4/build/lib/uwb4
[0.948s] copying uwb4/UWBPlotter.py -> /home/li/ros2_ws/build/uwb4/build/lib/uwb4
[0.948s] copying uwb4/UWBDataAggregator.py -> /home/li/ros2_ws/build/uwb4/build/lib/uwb4
[0.948s] copying uwb4/UWBReceiver.py -> /home/li/ros2_ws/build/uwb4/build/lib/uwb4
[0.948s] copying uwb4/UWBCalculator2.py -> /home/li/ros2_ws/build/uwb4/build/lib/uwb4
[0.948s] copying uwb4/__init__.py -> /home/li/ros2_ws/build/uwb4/build/lib/uwb4
[0.948s] copying uwb4/UWBCalculator.py -> /home/li/ros2_ws/build/uwb4/build/lib/uwb4
[0.949s] running install
[0.949s] running install_lib
[0.949s] creating /home/li/ros2_ws/install/uwb4/lib/python3.10/site-packages/uwb4
[0.949s] copying /home/li/ros2_ws/build/uwb4/build/lib/uwb4/UWBPlotter2.py -> /home/li/ros2_ws/install/uwb4/lib/python3.10/site-packages/uwb4
[0.949s] copying /home/li/ros2_ws/build/uwb4/build/lib/uwb4/UWBPlotter.py -> /home/li/ros2_ws/install/uwb4/lib/python3.10/site-packages/uwb4
[0.949s] copying /home/li/ros2_ws/build/uwb4/build/lib/uwb4/UWBDataAggregator.py -> /home/li/ros2_ws/install/uwb4/lib/python3.10/site-packages/uwb4
[0.949s] copying /home/li/ros2_ws/build/uwb4/build/lib/uwb4/UWBReceiver.py -> /home/li/ros2_ws/install/uwb4/lib/python3.10/site-packages/uwb4
[0.949s] copying /home/li/ros2_ws/build/uwb4/build/lib/uwb4/UWBCalculator2.py -> /home/li/ros2_ws/install/uwb4/lib/python3.10/site-packages/uwb4
[0.950s] copying /home/li/ros2_ws/build/uwb4/build/lib/uwb4/__init__.py -> /home/li/ros2_ws/install/uwb4/lib/python3.10/site-packages/uwb4
[0.950s] copying /home/li/ros2_ws/build/uwb4/build/lib/uwb4/UWBCalculator.py -> /home/li/ros2_ws/install/uwb4/lib/python3.10/site-packages/uwb4
[0.950s] byte-compiling /home/li/ros2_ws/install/uwb4/lib/python3.10/site-packages/uwb4/UWBPlotter2.py to UWBPlotter2.cpython-310.pyc
[0.950s] byte-compiling /home/li/ros2_ws/install/uwb4/lib/python3.10/site-packages/uwb4/UWBPlotter.py to UWBPlotter.cpython-310.pyc
[0.950s] byte-compiling /home/li/ros2_ws/install/uwb4/lib/python3.10/site-packages/uwb4/UWBDataAggregator.py to UWBDataAggregator.cpython-310.pyc
[0.950s] byte-compiling /home/li/ros2_ws/install/uwb4/lib/python3.10/site-packages/uwb4/UWBReceiver.py to UWBReceiver.cpython-310.pyc
[0.951s] byte-compiling /home/li/ros2_ws/install/uwb4/lib/python3.10/site-packages/uwb4/UWBCalculator2.py to UWBCalculator2.cpython-310.pyc
[0.952s] byte-compiling /home/li/ros2_ws/install/uwb4/lib/python3.10/site-packages/uwb4/__init__.py to __init__.cpython-310.pyc
[0.952s] byte-compiling /home/li/ros2_ws/install/uwb4/lib/python3.10/site-packages/uwb4/UWBCalculator.py to UWBCalculator.cpython-310.pyc
[0.952s] running install_data
[0.953s] creating /home/li/ros2_ws/install/uwb4/share/ament_index
[0.953s] creating /home/li/ros2_ws/install/uwb4/share/ament_index/resource_index
[0.953s] creating /home/li/ros2_ws/install/uwb4/share/ament_index/resource_index/packages
[0.953s] copying resource/uwb4 -> /home/li/ros2_ws/install/uwb4/share/ament_index/resource_index/packages
[0.953s] copying package.xml -> /home/li/ros2_ws/install/uwb4/share/uwb4
[0.953s] running install_egg_info
[0.954s] Copying ../../build/uwb4/uwb4.egg-info to /home/li/ros2_ws/install/uwb4/lib/python3.10/site-packages/uwb4-0.0.0-py3.10.egg-info
[0.954s] running install_scripts
[0.968s] Installing UWBCalculator script to /home/li/ros2_ws/install/uwb4/lib/uwb4
[0.968s] Installing UWBCalculator2 script to /home/li/ros2_ws/install/uwb4/lib/uwb4
[0.968s] Installing UWBDataAggregator script to /home/li/ros2_ws/install/uwb4/lib/uwb4
[0.968s] Installing UWBPlotter script to /home/li/ros2_ws/install/uwb4/lib/uwb4
[0.968s] Installing UWBPlotter2 script to /home/li/ros2_ws/install/uwb4/lib/uwb4
[0.968s] Installing UWBReceiver script to /home/li/ros2_ws/install/uwb4/lib/uwb4
[0.968s] writing list of installed files to '/home/li/ros2_ws/build/uwb4/install.log'
[0.987s] Invoked command in '/home/li/ros2_ws/src/uwb4' returned '0': PYTHONPATH=/home/li/ros2_ws/build/uwb4/prefix_override:/usr/lib/python3/dist-packages/colcon_core/task/python/colcon_distutils_commands:/home/li/ros2_ws/install/uwb4/lib/python3.10/site-packages:${PYTHONPATH} /usr/bin/python3 -W ignore:setup.py install is deprecated setup.py egg_info --egg-base ../../build/uwb4 build --build-base /home/li/ros2_ws/build/uwb4/build install --record /home/li/ros2_ws/build/uwb4/install.log --single-version-externally-managed install_data
