running egg_info
creating ../../build/uwb/uwb.egg-info
writing ../../build/uwb/uwb.egg-info/PKG-INFO
writing dependency_links to ../../build/uwb/uwb.egg-info/dependency_links.txt
writing entry points to ../../build/uwb/uwb.egg-info/entry_points.txt
writing requirements to ../../build/uwb/uwb.egg-info/requires.txt
writing top-level names to ../../build/uwb/uwb.egg-info/top_level.txt
writing manifest file '../../build/uwb/uwb.egg-info/SOURCES.txt'
reading manifest file '../../build/uwb/uwb.egg-info/SOURCES.txt'
writing manifest file '../../build/uwb/uwb.egg-info/SOURCES.txt'
running build
running build_py
creating /home/li/ros2_ws/build/uwb/build
creating /home/li/ros2_ws/build/uwb/build/lib
creating /home/li/ros2_ws/build/uwb/build/lib/uwb
copying uwb/UWBPlotter.py -> /home/li/ros2_ws/build/uwb/build/lib/uwb
copying uwb/UWBDataAggregator.py -> /home/li/ros2_ws/build/uwb/build/lib/uwb
copying uwb/UWBReceiver.py -> /home/li/ros2_ws/build/uwb/build/lib/uwb
copying uwb/UWBCalculator2.py -> /home/li/ros2_ws/build/uwb/build/lib/uwb
copying uwb/__init__.py -> /home/li/ros2_ws/build/uwb/build/lib/uwb
copying uwb/UWBCalculator.py -> /home/li/ros2_ws/build/uwb/build/lib/uwb
copying uwb/UWBDataAggregator2.py -> /home/li/ros2_ws/build/uwb/build/lib/uwb
running install
running install_lib
creating /home/li/ros2_ws/install/uwb/lib/python3.10/site-packages/uwb
copying /home/li/ros2_ws/build/uwb/build/lib/uwb/UWBPlotter.py -> /home/li/ros2_ws/install/uwb/lib/python3.10/site-packages/uwb
copying /home/li/ros2_ws/build/uwb/build/lib/uwb/UWBDataAggregator.py -> /home/li/ros2_ws/install/uwb/lib/python3.10/site-packages/uwb
copying /home/li/ros2_ws/build/uwb/build/lib/uwb/UWBReceiver.py -> /home/li/ros2_ws/install/uwb/lib/python3.10/site-packages/uwb
copying /home/li/ros2_ws/build/uwb/build/lib/uwb/UWBCalculator2.py -> /home/li/ros2_ws/install/uwb/lib/python3.10/site-packages/uwb
copying /home/li/ros2_ws/build/uwb/build/lib/uwb/__init__.py -> /home/li/ros2_ws/install/uwb/lib/python3.10/site-packages/uwb
copying /home/li/ros2_ws/build/uwb/build/lib/uwb/UWBCalculator.py -> /home/li/ros2_ws/install/uwb/lib/python3.10/site-packages/uwb
copying /home/li/ros2_ws/build/uwb/build/lib/uwb/UWBDataAggregator2.py -> /home/li/ros2_ws/install/uwb/lib/python3.10/site-packages/uwb
byte-compiling /home/li/ros2_ws/install/uwb/lib/python3.10/site-packages/uwb/UWBPlotter.py to UWBPlotter.cpython-310.pyc
byte-compiling /home/li/ros2_ws/install/uwb/lib/python3.10/site-packages/uwb/UWBDataAggregator.py to UWBDataAggregator.cpython-310.pyc
byte-compiling /home/li/ros2_ws/install/uwb/lib/python3.10/site-packages/uwb/UWBReceiver.py to UWBReceiver.cpython-310.pyc
byte-compiling /home/li/ros2_ws/install/uwb/lib/python3.10/site-packages/uwb/UWBCalculator2.py to UWBCalculator2.cpython-310.pyc
byte-compiling /home/li/ros2_ws/install/uwb/lib/python3.10/site-packages/uwb/__init__.py to __init__.cpython-310.pyc
byte-compiling /home/li/ros2_ws/install/uwb/lib/python3.10/site-packages/uwb/UWBCalculator.py to UWBCalculator.cpython-310.pyc
byte-compiling /home/li/ros2_ws/install/uwb/lib/python3.10/site-packages/uwb/UWBDataAggregator2.py to UWBDataAggregator2.cpython-310.pyc
running install_data
creating /home/li/ros2_ws/install/uwb/share/ament_index
creating /home/li/ros2_ws/install/uwb/share/ament_index/resource_index
creating /home/li/ros2_ws/install/uwb/share/ament_index/resource_index/packages
copying resource/uwb -> /home/li/ros2_ws/install/uwb/share/ament_index/resource_index/packages
copying package.xml -> /home/li/ros2_ws/install/uwb/share/uwb
running install_egg_info
Copying ../../build/uwb/uwb.egg-info to /home/li/ros2_ws/install/uwb/lib/python3.10/site-packages/uwb-0.0.0-py3.10.egg-info
running install_scripts
Installing UWBCalculator script to /home/li/ros2_ws/install/uwb/lib/uwb
Installing UWBCalculator2 script to /home/li/ros2_ws/install/uwb/lib/uwb
Installing UWBDataAggregator script to /home/li/ros2_ws/install/uwb/lib/uwb
Installing UWBDataAggregator2 script to /home/li/ros2_ws/install/uwb/lib/uwb
Installing UWBPlotter script to /home/li/ros2_ws/install/uwb/lib/uwb
Installing UWBReceiver script to /home/li/ros2_ws/install/uwb/lib/uwb
writing list of installed files to '/home/li/ros2_ws/build/uwb/install.log'
