running egg_info
writing ../../build/uwb4/uwb4.egg-info/PKG-INFO
writing dependency_links to ../../build/uwb4/uwb4.egg-info/dependency_links.txt
writing entry points to ../../build/uwb4/uwb4.egg-info/entry_points.txt
writing requirements to ../../build/uwb4/uwb4.egg-info/requires.txt
writing top-level names to ../../build/uwb4/uwb4.egg-info/top_level.txt
reading manifest file '../../build/uwb4/uwb4.egg-info/SOURCES.txt'
writing manifest file '../../build/uwb4/uwb4.egg-info/SOURCES.txt'
running build
running build_py
running install
running install_lib
running install_data
running install_egg_info
removing '/home/li/ros2_ws/install/uwb4/lib/python3.10/site-packages/uwb4-0.0.0-py3.10.egg-info' (and everything under it)
Copying ../../build/uwb4/uwb4.egg-info to /home/li/ros2_ws/install/uwb4/lib/python3.10/site-packages/uwb4-0.0.0-py3.10.egg-info
running install_scripts
Installing UWBCalculator script to /home/li/ros2_ws/install/uwb4/lib/uwb4
Installing UWBCalculator2 script to /home/li/ros2_ws/install/uwb4/lib/uwb4
Installing UWBDataAggregator script to /home/li/ros2_ws/install/uwb4/lib/uwb4
Installing UWBPlotter script to /home/li/ros2_ws/install/uwb4/lib/uwb4
Installing UWBPlotter2 script to /home/li/ros2_ws/install/uwb4/lib/uwb4
Installing UWBReceiver script to /home/li/ros2_ws/install/uwb4/lib/uwb4
writing list of installed files to '/home/li/ros2_ws/build/uwb4/install.log'
