[0.775s] Invoking command in '/home/li/ros2_ws/src/uwb5': PYTHONPATH=/home/li/ros2_ws/build/uwb5/prefix_override:/usr/lib/python3/dist-packages/colcon_core/task/python/colcon_distutils_commands:/home/li/ros2_ws/install/uwb5/lib/python3.10/site-packages:${PYTHONPATH} /usr/bin/python3 -W ignore:setup.py install is deprecated setup.py egg_info --egg-base ../../build/uwb5 build --build-base /home/li/ros2_ws/build/uwb5/build install --record /home/li/ros2_ws/build/uwb5/install.log --single-version-externally-managed install_data
[0.931s] running egg_info
[0.931s] writing ../../build/uwb5/uwb5.egg-info/PKG-INFO
[0.931s] writing dependency_links to ../../build/uwb5/uwb5.egg-info/dependency_links.txt
[0.931s] writing entry points to ../../build/uwb5/uwb5.egg-info/entry_points.txt
[0.931s] writing requirements to ../../build/uwb5/uwb5.egg-info/requires.txt
[0.931s] writing top-level names to ../../build/uwb5/uwb5.egg-info/top_level.txt
[0.932s] reading manifest file '../../build/uwb5/uwb5.egg-info/SOURCES.txt'
[0.933s] writing manifest file '../../build/uwb5/uwb5.egg-info/SOURCES.txt'
[0.933s] running build
[0.933s] running build_py
[0.933s] running install
[0.933s] running install_lib
[0.934s] running install_data
[0.934s] running install_egg_info
[0.935s] removing '/home/li/ros2_ws/install/uwb5/lib/python3.10/site-packages/uwb5-0.0.0-py3.10.egg-info' (and everything under it)
[0.935s] Copying ../../build/uwb5/uwb5.egg-info to /home/li/ros2_ws/install/uwb5/lib/python3.10/site-packages/uwb5-0.0.0-py3.10.egg-info
[0.936s] running install_scripts
[0.949s] Installing UWBCalculator script to /home/li/ros2_ws/install/uwb5/lib/uwb5
[0.949s] Installing UWBDataAggregator script to /home/li/ros2_ws/install/uwb5/lib/uwb5
[0.950s] Installing UWBPlotter script to /home/li/ros2_ws/install/uwb5/lib/uwb5
[0.950s] Installing UWBReceiver script to /home/li/ros2_ws/install/uwb5/lib/uwb5
[0.950s] writing list of installed files to '/home/li/ros2_ws/build/uwb5/install.log'
[0.966s] Invoked command in '/home/li/ros2_ws/src/uwb5' returned '0': PYTHONPATH=/home/li/ros2_ws/build/uwb5/prefix_override:/usr/lib/python3/dist-packages/colcon_core/task/python/colcon_distutils_commands:/home/li/ros2_ws/install/uwb5/lib/python3.10/site-packages:${PYTHONPATH} /usr/bin/python3 -W ignore:setup.py install is deprecated setup.py egg_info --egg-base ../../build/uwb5 build --build-base /home/li/ros2_ws/build/uwb5/build install --record /home/li/ros2_ws/build/uwb5/install.log --single-version-externally-managed install_data
