[0.780s] Invoking command in '/home/li/ros2_ws/src/uwb5': PYTHONPATH=/home/li/ros2_ws/build/uwb5/prefix_override:/usr/lib/python3/dist-packages/colcon_core/task/python/colcon_distutils_commands:/home/li/ros2_ws/install/uwb5/lib/python3.10/site-packages:${PYTHONPATH} /usr/bin/python3 -W ignore:setup.py install is deprecated setup.py egg_info --egg-base ../../build/uwb5 build --build-base /home/li/ros2_ws/build/uwb5/build install --record /home/li/ros2_ws/build/uwb5/install.log --single-version-externally-managed install_data
[0.934s] running egg_info
[0.934s] creating ../../build/uwb5/uwb5.egg-info
[0.934s] writing ../../build/uwb5/uwb5.egg-info/PKG-INFO
[0.934s] writing dependency_links to ../../build/uwb5/uwb5.egg-info/dependency_links.txt
[0.934s] writing entry points to ../../build/uwb5/uwb5.egg-info/entry_points.txt
[0.934s] writing requirements to ../../build/uwb5/uwb5.egg-info/requires.txt
[0.935s] writing top-level names to ../../build/uwb5/uwb5.egg-info/top_level.txt
[0.935s] writing manifest file '../../build/uwb5/uwb5.egg-info/SOURCES.txt'
[0.935s] reading manifest file '../../build/uwb5/uwb5.egg-info/SOURCES.txt'
[0.936s] writing manifest file '../../build/uwb5/uwb5.egg-info/SOURCES.txt'
[0.936s] running build
[0.936s] running build_py
[0.936s] creating /home/li/ros2_ws/build/uwb5/build
[0.936s] creating /home/li/ros2_ws/build/uwb5/build/lib
[0.937s] creating /home/li/ros2_ws/build/uwb5/build/lib/uwb5
[0.937s] copying uwb5/UWBPlotter.py -> /home/li/ros2_ws/build/uwb5/build/lib/uwb5
[0.937s] copying uwb5/UWBDataAggregator.py -> /home/li/ros2_ws/build/uwb5/build/lib/uwb5
[0.937s] copying uwb5/UWBReceiver.py -> /home/li/ros2_ws/build/uwb5/build/lib/uwb5
[0.937s] copying uwb5/__init__.py -> /home/li/ros2_ws/build/uwb5/build/lib/uwb5
[0.937s] copying uwb5/UWBCalculator.py -> /home/li/ros2_ws/build/uwb5/build/lib/uwb5
[0.937s] running install
[0.937s] running install_lib
[0.938s] creating /home/li/ros2_ws/install/uwb5/lib/python3.10/site-packages/uwb5
[0.938s] copying /home/li/ros2_ws/build/uwb5/build/lib/uwb5/UWBPlotter.py -> /home/li/ros2_ws/install/uwb5/lib/python3.10/site-packages/uwb5
[0.938s] copying /home/li/ros2_ws/build/uwb5/build/lib/uwb5/UWBDataAggregator.py -> /home/li/ros2_ws/install/uwb5/lib/python3.10/site-packages/uwb5
[0.938s] copying /home/li/ros2_ws/build/uwb5/build/lib/uwb5/UWBReceiver.py -> /home/li/ros2_ws/install/uwb5/lib/python3.10/site-packages/uwb5
[0.938s] copying /home/li/ros2_ws/build/uwb5/build/lib/uwb5/__init__.py -> /home/li/ros2_ws/install/uwb5/lib/python3.10/site-packages/uwb5
[0.938s] copying /home/li/ros2_ws/build/uwb5/build/lib/uwb5/UWBCalculator.py -> /home/li/ros2_ws/install/uwb5/lib/python3.10/site-packages/uwb5
[0.939s] byte-compiling /home/li/ros2_ws/install/uwb5/lib/python3.10/site-packages/uwb5/UWBPlotter.py to UWBPlotter.cpython-310.pyc
[0.940s] byte-compiling /home/li/ros2_ws/install/uwb5/lib/python3.10/site-packages/uwb5/UWBDataAggregator.py to UWBDataAggregator.cpython-310.pyc
[0.940s] byte-compiling /home/li/ros2_ws/install/uwb5/lib/python3.10/site-packages/uwb5/UWBReceiver.py to UWBReceiver.cpython-310.pyc
[0.941s] byte-compiling /home/li/ros2_ws/install/uwb5/lib/python3.10/site-packages/uwb5/__init__.py to __init__.cpython-310.pyc
[0.941s] byte-compiling /home/li/ros2_ws/install/uwb5/lib/python3.10/site-packages/uwb5/UWBCalculator.py to UWBCalculator.cpython-310.pyc
[0.941s] running install_data
[0.941s] creating /home/li/ros2_ws/install/uwb5/share/ament_index
[0.941s] creating /home/li/ros2_ws/install/uwb5/share/ament_index/resource_index
[0.941s] creating /home/li/ros2_ws/install/uwb5/share/ament_index/resource_index/packages
[0.941s] copying resource/uwb5 -> /home/li/ros2_ws/install/uwb5/share/ament_index/resource_index/packages
[0.941s] copying package.xml -> /home/li/ros2_ws/install/uwb5/share/uwb5
[0.942s] running install_egg_info
[0.942s] Copying ../../build/uwb5/uwb5.egg-info to /home/li/ros2_ws/install/uwb5/lib/python3.10/site-packages/uwb5-0.0.0-py3.10.egg-info
[0.943s] running install_scripts
[0.955s] Installing UWBCalculator script to /home/li/ros2_ws/install/uwb5/lib/uwb5
[0.955s] Installing UWBDataAggregator script to /home/li/ros2_ws/install/uwb5/lib/uwb5
[0.955s] Installing UWBPlotter script to /home/li/ros2_ws/install/uwb5/lib/uwb5
[0.955s] Installing UWBReceiver script to /home/li/ros2_ws/install/uwb5/lib/uwb5
[0.956s] writing list of installed files to '/home/li/ros2_ws/build/uwb5/install.log'
[0.972s] Invoked command in '/home/li/ros2_ws/src/uwb5' returned '0': PYTHONPATH=/home/li/ros2_ws/build/uwb5/prefix_override:/usr/lib/python3/dist-packages/colcon_core/task/python/colcon_distutils_commands:/home/li/ros2_ws/install/uwb5/lib/python3.10/site-packages:${PYTHONPATH} /usr/bin/python3 -W ignore:setup.py install is deprecated setup.py egg_info --egg-base ../../build/uwb5 build --build-base /home/li/ros2_ws/build/uwb5/build install --record /home/li/ros2_ws/build/uwb5/install.log --single-version-externally-managed install_data
