/home/li/ros2_ws/install/uwb/lib/python3.10/site-packages/uwb/UWBPlotter.py
/home/li/ros2_ws/install/uwb/lib/python3.10/site-packages/uwb/UWBDataAggregator.py
/home/li/ros2_ws/install/uwb/lib/python3.10/site-packages/uwb/UWBReceiver.py
/home/li/ros2_ws/install/uwb/lib/python3.10/site-packages/uwb/UWBCalculator2.py
/home/li/ros2_ws/install/uwb/lib/python3.10/site-packages/uwb/__init__.py
/home/li/ros2_ws/install/uwb/lib/python3.10/site-packages/uwb/UWBCalculator.py
/home/li/ros2_ws/install/uwb/lib/python3.10/site-packages/uwb/UWBDataAggregator2.py
/home/li/ros2_ws/install/uwb/lib/python3.10/site-packages/uwb/__pycache__/UWBPlotter.cpython-310.pyc
/home/li/ros2_ws/install/uwb/lib/python3.10/site-packages/uwb/__pycache__/UWBDataAggregator.cpython-310.pyc
/home/li/ros2_ws/install/uwb/lib/python3.10/site-packages/uwb/__pycache__/UWBReceiver.cpython-310.pyc
/home/li/ros2_ws/install/uwb/lib/python3.10/site-packages/uwb/__pycache__/UWBCalculator2.cpython-310.pyc
/home/li/ros2_ws/install/uwb/lib/python3.10/site-packages/uwb/__pycache__/__init__.cpython-310.pyc
/home/li/ros2_ws/install/uwb/lib/python3.10/site-packages/uwb/__pycache__/UWBCalculator.cpython-310.pyc
/home/li/ros2_ws/install/uwb/lib/python3.10/site-packages/uwb/__pycache__/UWBDataAggregator2.cpython-310.pyc
/home/li/ros2_ws/install/uwb/share/ament_index/resource_index/packages/uwb
/home/li/ros2_ws/install/uwb/share/uwb/package.xml
/home/li/ros2_ws/install/uwb/lib/python3.10/site-packages/uwb-0.0.0-py3.10.egg-info/PKG-INFO
/home/li/ros2_ws/install/uwb/lib/python3.10/site-packages/uwb-0.0.0-py3.10.egg-info/top_level.txt
/home/li/ros2_ws/install/uwb/lib/python3.10/site-packages/uwb-0.0.0-py3.10.egg-info/requires.txt
/home/li/ros2_ws/install/uwb/lib/python3.10/site-packages/uwb-0.0.0-py3.10.egg-info/dependency_links.txt
/home/li/ros2_ws/install/uwb/lib/python3.10/site-packages/uwb-0.0.0-py3.10.egg-info/SOURCES.txt
/home/li/ros2_ws/install/uwb/lib/python3.10/site-packages/uwb-0.0.0-py3.10.egg-info/zip-safe
/home/li/ros2_ws/install/uwb/lib/python3.10/site-packages/uwb-0.0.0-py3.10.egg-info/entry_points.txt
/home/li/ros2_ws/install/uwb/lib/uwb/UWBCalculator
/home/li/ros2_ws/install/uwb/lib/uwb/UWBCalculator2
/home/li/ros2_ws/install/uwb/lib/uwb/UWBDataAggregator
/home/li/ros2_ws/install/uwb/lib/uwb/UWBDataAggregator2
/home/li/ros2_ws/install/uwb/lib/uwb/UWBPlotter
/home/li/ros2_ws/install/uwb/lib/uwb/UWBReceiver
