/home/li/ros2_ws/install/uwb4/lib/python3.10/site-packages/uwb4/UWBPlotter2.py
/home/li/ros2_ws/install/uwb4/lib/python3.10/site-packages/uwb4/UWBPlotter.py
/home/li/ros2_ws/install/uwb4/lib/python3.10/site-packages/uwb4/UWBDataAggregator.py
/home/li/ros2_ws/install/uwb4/lib/python3.10/site-packages/uwb4/UWBReceiver.py
/home/li/ros2_ws/install/uwb4/lib/python3.10/site-packages/uwb4/UWBCalculator2.py
/home/li/ros2_ws/install/uwb4/lib/python3.10/site-packages/uwb4/__init__.py
/home/li/ros2_ws/install/uwb4/lib/python3.10/site-packages/uwb4/UWBCalculator.py
/home/li/ros2_ws/install/uwb4/lib/python3.10/site-packages/uwb4/__pycache__/UWBPlotter2.cpython-310.pyc
/home/li/ros2_ws/install/uwb4/lib/python3.10/site-packages/uwb4/__pycache__/UWBPlotter.cpython-310.pyc
/home/li/ros2_ws/install/uwb4/lib/python3.10/site-packages/uwb4/__pycache__/UWBDataAggregator.cpython-310.pyc
/home/li/ros2_ws/install/uwb4/lib/python3.10/site-packages/uwb4/__pycache__/UWBReceiver.cpython-310.pyc
/home/li/ros2_ws/install/uwb4/lib/python3.10/site-packages/uwb4/__pycache__/UWBCalculator2.cpython-310.pyc
/home/li/ros2_ws/install/uwb4/lib/python3.10/site-packages/uwb4/__pycache__/__init__.cpython-310.pyc
/home/li/ros2_ws/install/uwb4/lib/python3.10/site-packages/uwb4/__pycache__/UWBCalculator.cpython-310.pyc
/home/li/ros2_ws/install/uwb4/share/ament_index/resource_index/packages/uwb4
/home/li/ros2_ws/install/uwb4/share/uwb4/package.xml
/home/li/ros2_ws/install/uwb4/lib/python3.10/site-packages/uwb4-0.0.0-py3.10.egg-info/PKG-INFO
/home/li/ros2_ws/install/uwb4/lib/python3.10/site-packages/uwb4-0.0.0-py3.10.egg-info/top_level.txt
/home/li/ros2_ws/install/uwb4/lib/python3.10/site-packages/uwb4-0.0.0-py3.10.egg-info/requires.txt
/home/li/ros2_ws/install/uwb4/lib/python3.10/site-packages/uwb4-0.0.0-py3.10.egg-info/dependency_links.txt
/home/li/ros2_ws/install/uwb4/lib/python3.10/site-packages/uwb4-0.0.0-py3.10.egg-info/SOURCES.txt
/home/li/ros2_ws/install/uwb4/lib/python3.10/site-packages/uwb4-0.0.0-py3.10.egg-info/zip-safe
/home/li/ros2_ws/install/uwb4/lib/python3.10/site-packages/uwb4-0.0.0-py3.10.egg-info/entry_points.txt
/home/li/ros2_ws/install/uwb4/lib/uwb4/UWBCalculator
/home/li/ros2_ws/install/uwb4/lib/uwb4/UWBCalculator2
/home/li/ros2_ws/install/uwb4/lib/uwb4/UWBDataAggregator
/home/li/ros2_ws/install/uwb4/lib/uwb4/UWBPlotter
/home/li/ros2_ws/install/uwb4/lib/uwb4/UWBPlotter2
/home/li/ros2_ws/install/uwb4/lib/uwb4/UWBReceiver
