[0.780s] Invoking command in '/home/li/ros2_ws/src/uwb5': PYTHONPATH=/home/li/ros2_ws/build/uwb5/prefix_override:/usr/lib/python3/dist-packages/colcon_core/task/python/colcon_distutils_commands:/home/li/ros2_ws/install/uwb5/lib/python3.10/site-packages:${PYTHONPATH} /usr/bin/python3 -W ignore:setup.py install is deprecated setup.py egg_info --egg-base ../../build/uwb5 build --build-base /home/li/ros2_ws/build/uwb5/build install --record /home/li/ros2_ws/build/uwb5/install.log --single-version-externally-managed install_data
[0.938s] running egg_info
[0.938s] writing ../../build/uwb5/uwb5.egg-info/PKG-INFO
[0.938s] writing dependency_links to ../../build/uwb5/uwb5.egg-info/dependency_links.txt
[0.939s] writing entry points to ../../build/uwb5/uwb5.egg-info/entry_points.txt
[0.939s] writing requirements to ../../build/uwb5/uwb5.egg-info/requires.txt
[0.939s] writing top-level names to ../../build/uwb5/uwb5.egg-info/top_level.txt
[0.940s] reading manifest file '../../build/uwb5/uwb5.egg-info/SOURCES.txt'
[0.940s] writing manifest file '../../build/uwb5/uwb5.egg-info/SOURCES.txt'
[0.940s] running build
[0.940s] running build_py
[0.940s] running install
[0.941s] running install_lib
[0.941s] running install_data
[0.942s] running install_egg_info
[0.943s] removing '/home/li/ros2_ws/install/uwb5/lib/python3.10/site-packages/uwb5-0.0.0-py3.10.egg-info' (and everything under it)
[0.943s] Copying ../../build/uwb5/uwb5.egg-info to /home/li/ros2_ws/install/uwb5/lib/python3.10/site-packages/uwb5-0.0.0-py3.10.egg-info
[0.943s] running install_scripts
[0.957s] Installing UWBCalculator script to /home/li/ros2_ws/install/uwb5/lib/uwb5
[0.957s] Installing UWBDataAggregator script to /home/li/ros2_ws/install/uwb5/lib/uwb5
[0.957s] Installing UWBPlotter script to /home/li/ros2_ws/install/uwb5/lib/uwb5
[0.957s] Installing UWBReceiver script to /home/li/ros2_ws/install/uwb5/lib/uwb5
[0.957s] writing list of installed files to '/home/li/ros2_ws/build/uwb5/install.log'
[0.974s] Invoked command in '/home/li/ros2_ws/src/uwb5' returned '0': PYTHONPATH=/home/li/ros2_ws/build/uwb5/prefix_override:/usr/lib/python3/dist-packages/colcon_core/task/python/colcon_distutils_commands:/home/li/ros2_ws/install/uwb5/lib/python3.10/site-packages:${PYTHONPATH} /usr/bin/python3 -W ignore:setup.py install is deprecated setup.py egg_info --egg-base ../../build/uwb5 build --build-base /home/li/ros2_ws/build/uwb5/build install --record /home/li/ros2_ws/build/uwb5/install.log --single-version-externally-managed install_data
